<?xml version="1.0" encoding="UTF-8"?>
<!-- Generated by org.testng.reporters.JUnitReportReporter -->
<testsuite hostname="DESKTOP-EDT3R9N" failures="0" tests="8" name="UIAutomation.MMT.tests.FlightBookTest" time="93.705" errors="0" timestamp="2024-10-12T15:10:57 IST" skipped="0">
  <testcase classname="UIAutomation.MMT.tests.FlightBookTest" name="landingPageTest" time="14.039"/>
  <system-out/>
  <testcase classname="UIAutomation.MMT.tests.FlightBookTest" name="roundTripTest" time="15.318"/>
  <system-out/>
  <testcase classname="UIAutomation.MMT.tests.FlightBookTest" name="roundTripTest" time="12.879"/>
  <system-out/>
  <testcase classname="UIAutomation.MMT.tests.FlightBookTest" name="validateSameCityErrorMessage" time="8.727"/>
  <system-out/>
  <testcase classname="UIAutomation.MMT.tests.FlightBookTest" name="validateSameCityErrorMessage" time="8.605"/>
  <system-out/>
  <testcase classname="UIAutomation.MMT.tests.FlightBookTest" name="landingPageTest" time="13.380"/>
  <system-out/>
  <testcase classname="UIAutomation.MMT.tests.FlightBookTest" name="validateSearchError" time="9.884"/>
  <system-out/>
  <testcase classname="UIAutomation.MMT.tests.FlightBookTest" name="validateSearchError" time="10.873"/>
  <system-out/>
</testsuite> <!-- UIAutomation.MMT.tests.FlightBookTest -->
