<?xml version="1.0" encoding="UTF-8"?>
<!-- Generated by org.testng.reporters.JUnitReportReporter -->
<testsuite hostname="DESKTOP-EDT3R9N" failures="0" tests="10" name="UIAutomation.MMT.tests.TrainBookingTest" time="207.176" errors="0" timestamp="2024-10-12T15:15:04 IST" skipped="0">
  <testcase classname="UIAutomation.MMT.tests.TrainBookingTest" name="validateErrorMessageforSameSourceAndDest" time="9.892"/>
  <system-out/>
  <testcase classname="UIAutomation.MMT.tests.TrainBookingTest" name="trainReservationE2ETest" time="30.265"/>
  <system-out/>
  <testcase classname="UIAutomation.MMT.tests.TrainBookingTest" name="trainReservationE2ETest" time="29.882"/>
  <system-out/>
  <testcase classname="UIAutomation.MMT.tests.TrainBookingTest" name="validateEmailErrorMessage" time="20.994"/>
  <system-out/>
  <testcase classname="UIAutomation.MMT.tests.TrainBookingTest" name="validateUsernameErrorMessage" time="22.858"/>
  <system-out/>
  <testcase classname="UIAutomation.MMT.tests.TrainBookingTest" name="validateAddTravellerErrorMessage" time="20.676"/>
  <system-out/>
  <testcase classname="UIAutomation.MMT.tests.TrainBookingTest" name="validateAddTravellerErrorMessage" time="19.639"/>
  <system-out/>
  <testcase classname="UIAutomation.MMT.tests.TrainBookingTest" name="validateErrorMessageforSameSourceAndDest" time="10.855"/>
  <system-out/>
  <testcase classname="UIAutomation.MMT.tests.TrainBookingTest" name="validateEmailErrorMessage" time="21.989"/>
  <system-out/>
  <testcase classname="UIAutomation.MMT.tests.TrainBookingTest" name="validateUsernameErrorMessage" time="20.126"/>
  <system-out/>
</testsuite> <!-- UIAutomation.MMT.tests.TrainBookingTest -->
