<?xml version="1.0" encoding="UTF-8"?>
<!-- Generated by org.testng.reporters.JUnitReportReporter -->
<testsuite hostname="DESKTOP-EDT3R9N" failures="0" tests="1" name="UIAutomation.MMT.tests.TrainBooking" time="16.826" errors="0" timestamp="2024-09-29T18:39:13 IST" skipped="0">
  <testcase classname="UIAutomation.MMT.tests.TrainBooking" name="trainReservationTest" time="16.826"/>
  <system-out/>
</testsuite> <!-- UIAutomation.MMT.tests.TrainBooking -->
