<?xml version="1.0" encoding="UTF-8"?>
<!-- Generated by org.testng.reporters.JUnitReportReporter -->
<testsuite hostname="DESKTOP-EDT3R9N" failures="0" tests="1" name="UIAutomation.MMT.tests.Homepage" time="33.704" errors="0" timestamp="2024-08-31T15:17:27 IST" skipped="0">
  <testcase classname="UIAutomation.MMT.tests.Homepage" name="sampletest" time="33.704"/>
  <system-out/>
</testsuite> <!-- UIAutomation.MMT.tests.Homepage -->
