<?xml version="1.0" encoding="UTF-8"?>
<!-- Generated by org.testng.reporters.JUnitReportReporter -->
<testsuite hostname="DESKTOP-EDT3R9N" failures="0" tests="4" name="UIAutomation.MMT.tests.FlightBookTest" time="68.881" errors="0" timestamp="2024-09-29T13:05:49 IST" skipped="0">
  <testcase classname="UIAutomation.MMT.tests.FlightBookTest" name="roundTripTest" time="17.458"/>
  <system-out/>
  <testcase classname="UIAutomation.MMT.tests.FlightBookTest" name="validateSearchError" time="20.100"/>
  <system-out/>
  <testcase classname="UIAutomation.MMT.tests.FlightBookTest" name="landingPageTest" time="20.697"/>
  <system-out/>
  <testcase classname="UIAutomation.MMT.tests.FlightBookTest" name="validateSameCityErrorMessage" time="10.626"/>
  <system-out/>
</testsuite> <!-- UIAutomation.MMT.tests.FlightBookTest -->
